{"/Users/dave/dev/yodata/hsf/reflex/hsf-reflex-inbox-poller/app/getRecipients.js": {"path":"/Users/dave/dev/yodata/hsf/reflex/hsf-reflex-inbox-poller/app/getRecipients.js","statementMap":{"0":{"start":{"line":1,"column":12},"end":{"line":1,"column":33}},"1":{"start":{"line":2,"column":18},"end":{"line":2,"column":45}},"2":{"start":{"line":4,"column":17},"end":{"line":12,"column":1}},"3":{"start":{"line":6,"column":2},"end":{"line":10,"column":3}},"4":{"start":{"line":7,"column":4},"end":{"line":7,"column":19}},"5":{"start":{"line":9,"column":4},"end":{"line":9,"column":55}},"6":{"start":{"line":11,"column":2},"end":{"line":11,"column":71}},"7":{"start":{"line":15,"column":15},"end":{"line":15,"column":17}},"8":{"start":{"line":16,"column":2},"end":{"line":25,"column":3}},"9":{"start":{"line":17,"column":4},"end":{"line":24,"column":5}},"10":{"start":{"line":18,"column":6},"end":{"line":18,"column":47}},"11":{"start":{"line":19,"column":11},"end":{"line":24,"column":5}},"12":{"start":{"line":20,"column":6},"end":{"line":23,"column":9}},"13":{"start":{"line":21,"column":18},"end":{"line":21,"column":37}},"14":{"start":{"line":22,"column":8},"end":{"line":22,"column":34}},"15":{"start":{"line":22,"column":17},"end":{"line":22,"column":34}},"16":{"start":{"line":26,"column":2},"end":{"line":26,"column":16}},"17":{"start":{"line":29,"column":0},"end":{"line":29,"column":31}}},"fnMap":{"0":{"name":"(anonymous_0)","decl":{"start":{"line":4,"column":17},"end":{"line":4,"column":18}},"loc":{"start":{"line":4,"column":32},"end":{"line":12,"column":1}},"line":4},"1":{"name":"getRecipients","decl":{"start":{"line":14,"column":9},"end":{"line":14,"column":22}},"loc":{"start":{"line":14,"column":32},"end":{"line":27,"column":1}},"line":14},"2":{"name":"(anonymous_2)","decl":{"start":{"line":20,"column":32},"end":{"line":20,"column":33}},"loc":{"start":{"line":20,"column":45},"end":{"line":23,"column":7}},"line":20}},"branchMap":{"0":{"loc":{"start":{"line":6,"column":2},"end":{"line":10,"column":3}},"type":"if","locations":[{"start":{"line":6,"column":2},"end":{"line":10,"column":3}},{"start":{"line":6,"column":2},"end":{"line":10,"column":3}}],"line":6},"1":{"loc":{"start":{"line":9,"column":9},"end":{"line":9,"column":54}},"type":"binary-expr","locations":[{"start":{"line":9,"column":9},"end":{"line":9,"column":18}},{"start":{"line":9,"column":22},"end":{"line":9,"column":34}},{"start":{"line":9,"column":38},"end":{"line":9,"column":54}}],"line":9},"2":{"loc":{"start":{"line":11,"column":9},"end":{"line":11,"column":70}},"type":"binary-expr","locations":[{"start":{"line":11,"column":9},"end":{"line":11,"column":11}},{"start":{"line":11,"column":15},"end":{"line":11,"column":70}}],"line":11},"3":{"loc":{"start":{"line":16,"column":2},"end":{"line":25,"column":3}},"type":"if","locations":[{"start":{"line":16,"column":2},"end":{"line":25,"column":3}},{"start":{"line":16,"column":2},"end":{"line":25,"column":3}}],"line":16},"4":{"loc":{"start":{"line":16,"column":6},"end":{"line":16,"column":34}},"type":"binary-expr","locations":[{"start":{"line":16,"column":6},"end":{"line":16,"column":13}},{"start":{"line":16,"column":17},"end":{"line":16,"column":34}}],"line":16},"5":{"loc":{"start":{"line":17,"column":4},"end":{"line":24,"column":5}},"type":"if","locations":[{"start":{"line":17,"column":4},"end":{"line":24,"column":5}},{"start":{"line":17,"column":4},"end":{"line":24,"column":5}}],"line":17},"6":{"loc":{"start":{"line":19,"column":11},"end":{"line":24,"column":5}},"type":"if","locations":[{"start":{"line":19,"column":11},"end":{"line":24,"column":5}},{"start":{"line":19,"column":11},"end":{"line":24,"column":5}}],"line":19},"7":{"loc":{"start":{"line":22,"column":8},"end":{"line":22,"column":34}},"type":"if","locations":[{"start":{"line":22,"column":8},"end":{"line":22,"column":34}},{"start":{"line":22,"column":8},"end":{"line":22,"column":34}}],"line":22}},"s":{"0":2,"1":2,"2":2,"3":11,"4":3,"5":8,"6":11,"7":14,"8":14,"9":10,"10":2,"11":8,"12":8,"13":9,"14":9,"15":9,"16":14,"17":2},"f":{"0":11,"1":14,"2":9},"b":{"0":[3,8],"1":[8,8,3],"2":[11,11],"3":[10,4],"4":[14,12],"5":[2,8],"6":[8,0],"7":[9,0]},"_coverageSchema":"332fd63041d2c1bcb487cc26dd0d5f7d97098a6c","hash":"9b39a57df02f260bcd8e882c32be7215660a54df"}
,"/Users/dave/dev/yodata/hsf/reflex/hsf-reflex-inbox-poller/app/handleMessage.js": {"path":"/Users/dave/dev/yodata/hsf/reflex/hsf-reflex-inbox-poller/app/handleMessage.js","statementMap":{"0":{"start":{"line":1,"column":15},"end":{"line":1,"column":37}},"1":{"start":{"line":2,"column":22},"end":{"line":2,"column":48}},"2":{"start":{"line":3,"column":20},"end":{"line":3,"column":44}},"3":{"start":{"line":5,"column":21},"end":{"line":5,"column":69}},"4":{"start":{"line":7,"column":13},"end":{"line":12,"column":1}},"5":{"start":{"line":14,"column":0},"end":{"line":32,"column":2}},"6":{"start":{"line":15,"column":2},"end":{"line":15,"column":52}},"7":{"start":{"line":16,"column":2},"end":{"line":16,"column":68}},"8":{"start":{"line":17,"column":2},"end":{"line":17,"column":60}},"9":{"start":{"line":18,"column":16},"end":{"line":18,"column":35}},"10":{"start":{"line":19,"column":25},"end":{"line":19,"column":59}},"11":{"start":{"line":20,"column":18},"end":{"line":20,"column":40}},"12":{"start":{"line":21,"column":15},"end":{"line":21,"column":17}},"13":{"start":{"line":22,"column":2},"end":{"line":24,"column":3}},"14":{"start":{"line":23,"column":4},"end":{"line":23,"column":121}},"15":{"start":{"line":23,"column":57},"end":{"line":23,"column":118}},"16":{"start":{"line":25,"column":2},"end":{"line":31,"column":4}}},"fnMap":{"0":{"name":"handleMessage","decl":{"start":{"line":14,"column":32},"end":{"line":14,"column":45}},"loc":{"start":{"line":14,"column":60},"end":{"line":32,"column":1}},"line":14},"1":{"name":"(anonymous_1)","decl":{"start":{"line":23,"column":45},"end":{"line":23,"column":46}},"loc":{"start":{"line":23,"column":57},"end":{"line":23,"column":118}},"line":23}},"branchMap":{"0":{"loc":{"start":{"line":22,"column":2},"end":{"line":24,"column":3}},"type":"if","locations":[{"start":{"line":22,"column":2},"end":{"line":24,"column":3}},{"start":{"line":22,"column":2},"end":{"line":24,"column":3}}],"line":22}},"s":{"0":1,"1":1,"2":1,"3":1,"4":1,"5":1,"6":2,"7":2,"8":2,"9":2,"10":2,"11":2,"12":2,"13":2,"14":2,"15":2,"16":2},"f":{"0":2,"1":2},"b":{"0":[2,0]},"_coverageSchema":"332fd63041d2c1bcb487cc26dd0d5f7d97098a6c","hash":"4a971d7e149154373bd4d15cce4d9b014b5b6a5c"}
,"/Users/dave/dev/yodata/hsf/reflex/hsf-reflex-inbox-poller/app/sendMessage.js": {"path":"/Users/dave/dev/yodata/hsf/reflex/hsf-reflex-inbox-poller/app/sendMessage.js","statementMap":{"0":{"start":{"line":1,"column":15},"end":{"line":1,"column":37}},"1":{"start":{"line":2,"column":14},"end":{"line":2,"column":30}},"2":{"start":{"line":3,"column":14},"end":{"line":3,"column":50}},"3":{"start":{"line":6,"column":2},"end":{"line":6,"column":15}},"4":{"start":{"line":7,"column":2},"end":{"line":7,"column":15}},"5":{"start":{"line":10,"column":0},"end":{"line":34,"column":2}},"6":{"start":{"line":12,"column":2},"end":{"line":31,"column":3}},"7":{"start":{"line":13,"column":17},"end":{"line":13,"column":54}},"8":{"start":{"line":14,"column":14},"end":{"line":14,"column":78}},"9":{"start":{"line":15,"column":4},"end":{"line":15,"column":51}},"10":{"start":{"line":16,"column":4},"end":{"line":22,"column":6}},"11":{"start":{"line":24,"column":4},"end":{"line":30,"column":6}},"12":{"start":{"line":32,"column":2},"end":{"line":32,"column":19}},"13":{"start":{"line":33,"column":2},"end":{"line":33,"column":16}}},"fnMap":{"0":{"name":"dispatch","decl":{"start":{"line":5,"column":9},"end":{"line":5,"column":17}},"loc":{"start":{"line":5,"column":25},"end":{"line":8,"column":1}},"line":5},"1":{"name":"(anonymous_1)","decl":{"start":{"line":10,"column":17},"end":{"line":10,"column":18}},"loc":{"start":{"line":10,"column":55},"end":{"line":34,"column":1}},"line":10}},"branchMap":{"0":{"loc":{"start":{"line":13,"column":17},"end":{"line":13,"column":54}},"type":"binary-expr","locations":[{"start":{"line":13,"column":17},"end":{"line":13,"column":24}},{"start":{"line":13,"column":28},"end":{"line":13,"column":54}}],"line":13},"1":{"loc":{"start":{"line":19,"column":20},"end":{"line":19,"column":46}},"type":"binary-expr","locations":[{"start":{"line":19,"column":20},"end":{"line":19,"column":30}},{"start":{"line":19,"column":34},"end":{"line":19,"column":46}}],"line":19}},"s":{"0":2,"1":2,"2":2,"3":5,"4":5,"5":2,"6":5,"7":5,"8":5,"9":2,"10":2,"11":3,"12":5,"13":5},"f":{"0":5,"1":5},"b":{"0":[5,5],"1":[2,2]},"_coverageSchema":"332fd63041d2c1bcb487cc26dd0d5f7d97098a6c","hash":"f00890dd54cc3fbf21de091390772b8348924254"}
}
