TN:
SF:/Users/dave/dev/yodata/hsf/reflex/hsf-reflex-inbox-poller/app/getRecipients.js
FN:4,(anonymous_0)
FN:14,getRecipients
FN:20,(anonymous_2)
FNF:3
FNH:3
FNDA:11,(anonymous_0)
FNDA:14,getRecipients
FNDA:9,(anonymous_2)
DA:1,2
DA:2,2
DA:4,2
DA:6,11
DA:7,3
DA:9,8
DA:11,11
DA:15,14
DA:16,14
DA:17,10
DA:18,2
DA:19,8
DA:20,8
DA:21,9
DA:22,9
DA:26,14
DA:29,2
LF:17
LH:17
BRDA:6,0,0,3
BRDA:6,0,1,8
BRDA:9,1,0,8
BRDA:9,1,1,8
BRDA:9,1,2,3
BRDA:11,2,0,11
BRDA:11,2,1,11
BRDA:16,3,0,10
BRDA:16,3,1,4
BRDA:16,4,0,14
BRDA:16,4,1,12
BRDA:17,5,0,2
BRDA:17,5,1,8
BRDA:19,6,0,8
BRDA:19,6,1,0
BRDA:22,7,0,9
BRDA:22,7,1,0
BRF:17
BRH:15
end_of_record
TN:
SF:/Users/dave/dev/yodata/hsf/reflex/hsf-reflex-inbox-poller/app/handleMessage.js
FN:14,handleMessage
FN:23,(anonymous_1)
FNF:2
FNH:2
FNDA:2,handleMessage
FNDA:2,(anonymous_1)
DA:1,1
DA:2,1
DA:3,1
DA:5,1
DA:7,1
DA:14,1
DA:15,2
DA:16,2
DA:17,2
DA:18,2
DA:19,2
DA:20,2
DA:21,2
DA:22,2
DA:23,2
DA:25,2
LF:16
LH:16
BRDA:22,0,0,2
BRDA:22,0,1,0
BRF:2
BRH:1
end_of_record
TN:
SF:/Users/dave/dev/yodata/hsf/reflex/hsf-reflex-inbox-poller/app/sendMessage.js
FN:5,dispatch
FN:10,(anonymous_1)
FNF:2
FNH:2
FNDA:5,dispatch
FNDA:5,(anonymous_1)
DA:1,2
DA:2,2
DA:3,2
DA:6,5
DA:7,5
DA:10,2
DA:12,5
DA:13,5
DA:14,5
DA:15,2
DA:16,2
DA:24,3
DA:32,5
DA:33,5
LF:14
LH:14
BRDA:13,0,0,5
BRDA:13,0,1,5
BRDA:19,1,0,2
BRDA:19,1,1,2
BRF:4
BRH:4
end_of_record
